0 info it worked if it ends with ok
1 verbose cli [ 'node', '/usr/local/bin/npm', 'update', '-g', 'yeoman' ]
2 info using npm@1.1.62
3 info using node@v0.8.11
4 verbose read json /usr/local/lib/package.json
5 verbose read json /usr/local/lib/node_modules/buster/package.json
6 verbose read json /usr/local/lib/node_modules/less/package.json
7 verbose read json /usr/local/lib/node_modules/npm/package.json
8 verbose read json /usr/local/lib/node_modules/yeoman/package.json
9 verbose cache add [ 'yeoman', '*' ]
10 silly cache add name="yeoman" spec="*" args=["yeoman","*"]
11 verbose parsed url { pathname: '*', path: '*', href: '*' }
12 verbose addNamed [ 'yeoman', '*' ]
13 verbose addNamed [ null, '' ]
14 verbose from cache /usr/local/lib/node_modules/less/package.json
15 verbose from cache /usr/local/lib/node_modules/npm/package.json
16 verbose from cache /usr/local/lib/node_modules/buster/package.json
17 verbose read json /usr/local/lib/node_modules/npm/node_modules/abbrev/package.json
18 verbose read json /usr/local/lib/node_modules/npm/node_modules/ansi/package.json
19 verbose read json /usr/local/lib/node_modules/npm/node_modules/archy/package.json
20 verbose read json /usr/local/lib/node_modules/npm/node_modules/block-stream/package.json
21 verbose read json /usr/local/lib/node_modules/npm/node_modules/chownr/package.json
22 verbose read json /usr/local/lib/node_modules/npm/node_modules/couch-login/package.json
23 verbose read json /usr/local/lib/node_modules/npm/node_modules/fstream/package.json
24 verbose read json /usr/local/lib/node_modules/npm/node_modules/fstream-npm/package.json
25 verbose read json /usr/local/lib/node_modules/npm/node_modules/glob/package.json
26 verbose read json /usr/local/lib/node_modules/npm/node_modules/graceful-fs/package.json
27 verbose read json /usr/local/lib/node_modules/npm/node_modules/inherits/package.json
28 verbose read json /usr/local/lib/node_modules/npm/node_modules/ini/package.json
29 verbose read json /usr/local/lib/node_modules/npm/node_modules/init-package-json/package.json
30 verbose read json /usr/local/lib/node_modules/npm/node_modules/lockfile/package.json
31 verbose read json /usr/local/lib/node_modules/npm/node_modules/lru-cache/package.json
32 verbose read json /usr/local/lib/node_modules/npm/node_modules/minimatch/package.json
33 verbose read json /usr/local/lib/node_modules/npm/node_modules/mkdirp/package.json
34 verbose read json /usr/local/lib/node_modules/npm/node_modules/node-gyp/package.json
35 verbose read json /usr/local/lib/node_modules/npm/node_modules/nopt/package.json
36 verbose read json /usr/local/lib/node_modules/npm/node_modules/npm-registry-client/package.json
37 verbose read json /usr/local/lib/node_modules/npm/node_modules/npmconf/package.json
38 verbose read json /usr/local/lib/node_modules/npm/node_modules/npmlog/package.json
39 verbose read json /usr/local/lib/node_modules/npm/node_modules/once/package.json
40 verbose read json /usr/local/lib/node_modules/npm/node_modules/opener/package.json
41 verbose read json /usr/local/lib/node_modules/npm/node_modules/osenv/package.json
42 verbose read json /usr/local/lib/node_modules/npm/node_modules/read/package.json
43 verbose read json /usr/local/lib/node_modules/npm/node_modules/read-installed/package.json
44 verbose read json /usr/local/lib/node_modules/npm/node_modules/read-package-json/package.json
45 verbose read json /usr/local/lib/node_modules/npm/node_modules/request/package.json
46 verbose read json /usr/local/lib/node_modules/npm/node_modules/retry/package.json
47 verbose read json /usr/local/lib/node_modules/npm/node_modules/rimraf/package.json
48 verbose read json /usr/local/lib/node_modules/npm/node_modules/semver/package.json
49 verbose read json /usr/local/lib/node_modules/npm/node_modules/slide/package.json
50 verbose read json /usr/local/lib/node_modules/npm/node_modules/tar/package.json
51 verbose read json /usr/local/lib/node_modules/npm/node_modules/uid-number/package.json
52 verbose read json /usr/local/lib/node_modules/npm/node_modules/which/package.json
53 silly lockFile fd94f358-yeoman yeoman@*
54 verbose lock yeoman@* /Users/helge fredheim/.npm/fd94f358-yeoman.lock
55 verbose read json /usr/local/lib/node_modules/buster/node_modules/.bin/package.json
56 verbose read json /usr/local/lib/node_modules/buster/node_modules/buster-assertions/package.json
57 verbose read json /usr/local/lib/node_modules/buster/node_modules/buster-core/package.json
58 verbose read json /usr/local/lib/node_modules/buster/node_modules/buster-evented-logger/package.json
59 verbose read json /usr/local/lib/node_modules/buster/node_modules/buster-format/package.json
60 verbose read json /usr/local/lib/node_modules/buster/node_modules/buster-static/package.json
61 verbose read json /usr/local/lib/node_modules/buster/node_modules/buster-test/package.json
62 verbose read json /usr/local/lib/node_modules/buster/node_modules/buster-test-cli/package.json
63 verbose read json /usr/local/lib/node_modules/buster/node_modules/sinon/package.json
64 verbose read json /usr/local/lib/node_modules/buster/node_modules/sinon-buster/package.json
65 silly addNameRange { name: 'yeoman', range: '', hasData: false }
66 warn package.json buster-static@0.3.0 No README.md file found!
67 warn package.json buster-test-cli@0.4.2 No README.md file found!
68 verbose url raw yeoman
69 verbose url resolving [ 'https://registry.npmjs.org/', './yeoman' ]
70 verbose url resolved https://registry.npmjs.org/yeoman
71 info trying registry request attempt 1 at 18:43:21
72 verbose etag "72U79EQFEZ917IUADLTIXSCKQ"
73 http GET https://registry.npmjs.org/yeoman
74 warn package.json sinon-buster@0.4.1 No README.md file found!
75 verbose from cache /usr/local/lib/node_modules/npm/node_modules/semver/package.json
76 verbose from cache /usr/local/lib/node_modules/npm/node_modules/ini/package.json
77 verbose from cache /usr/local/lib/node_modules/npm/node_modules/slide/package.json
78 verbose from cache /usr/local/lib/node_modules/npm/node_modules/abbrev/package.json
79 verbose from cache /usr/local/lib/node_modules/npm/node_modules/graceful-fs/package.json
80 verbose from cache /usr/local/lib/node_modules/npm/node_modules/minimatch/package.json
81 verbose from cache /usr/local/lib/node_modules/npm/node_modules/nopt/package.json
82 verbose from cache /usr/local/lib/node_modules/npm/node_modules/rimraf/package.json
83 verbose from cache /usr/local/lib/node_modules/npm/node_modules/request/package.json
84 verbose from cache /usr/local/lib/node_modules/npm/node_modules/which/package.json
85 verbose from cache /usr/local/lib/node_modules/npm/node_modules/tar/package.json
86 verbose from cache /usr/local/lib/node_modules/npm/node_modules/fstream/package.json
87 verbose from cache /usr/local/lib/node_modules/npm/node_modules/block-stream/package.json
88 verbose from cache /usr/local/lib/node_modules/npm/node_modules/inherits/package.json
89 verbose from cache /usr/local/lib/node_modules/npm/node_modules/mkdirp/package.json
90 verbose from cache /usr/local/lib/node_modules/npm/node_modules/read/package.json
91 verbose from cache /usr/local/lib/node_modules/npm/node_modules/lru-cache/package.json
92 verbose from cache /usr/local/lib/node_modules/npm/node_modules/node-gyp/package.json
93 verbose from cache /usr/local/lib/node_modules/npm/node_modules/fstream-npm/package.json
94 verbose from cache /usr/local/lib/node_modules/npm/node_modules/uid-number/package.json
95 verbose from cache /usr/local/lib/node_modules/npm/node_modules/archy/package.json
96 verbose from cache /usr/local/lib/node_modules/npm/node_modules/chownr/package.json
97 verbose from cache /usr/local/lib/node_modules/npm/node_modules/npmlog/package.json
98 verbose from cache /usr/local/lib/node_modules/npm/node_modules/ansi/package.json
99 verbose from cache /usr/local/lib/node_modules/npm/node_modules/npm-registry-client/package.json
100 verbose from cache /usr/local/lib/node_modules/npm/node_modules/read-package-json/package.json
101 verbose from cache /usr/local/lib/node_modules/npm/node_modules/read-installed/package.json
102 verbose from cache /usr/local/lib/node_modules/npm/node_modules/glob/package.json
103 verbose from cache /usr/local/lib/node_modules/npm/node_modules/init-package-json/package.json
104 verbose from cache /usr/local/lib/node_modules/npm/node_modules/osenv/package.json
105 verbose from cache /usr/local/lib/node_modules/npm/node_modules/lockfile/package.json
106 verbose from cache /usr/local/lib/node_modules/npm/node_modules/retry/package.json
107 verbose from cache /usr/local/lib/node_modules/npm/node_modules/couch-login/package.json
108 verbose from cache /usr/local/lib/node_modules/npm/node_modules/once/package.json
109 verbose from cache /usr/local/lib/node_modules/npm/node_modules/npmconf/package.json
110 verbose from cache /usr/local/lib/node_modules/npm/node_modules/opener/package.json
111 verbose read json /usr/local/lib/node_modules/npm/node_modules/read/node_modules/mute-stream/package.json
112 verbose read json /usr/local/lib/node_modules/npm/node_modules/fstream-npm/node_modules/fstream-ignore/package.json
113 verbose read json /usr/local/lib/node_modules/npm/node_modules/init-package-json/node_modules/promzard/package.json
114 verbose read json /usr/local/lib/node_modules/npm/node_modules/npmconf/node_modules/config-chain/package.json
115 verbose from cache /usr/local/lib/node_modules/buster/node_modules/buster-core/package.json
116 verbose from cache /usr/local/lib/node_modules/buster/node_modules/buster-test/package.json
117 verbose from cache /usr/local/lib/node_modules/buster/node_modules/buster-assertions/package.json
118 verbose from cache /usr/local/lib/node_modules/buster/node_modules/buster-format/package.json
119 verbose from cache /usr/local/lib/node_modules/buster/node_modules/buster-evented-logger/package.json
120 verbose from cache /usr/local/lib/node_modules/buster/node_modules/buster-test-cli/package.json
121 verbose from cache /usr/local/lib/node_modules/buster/node_modules/sinon/package.json
122 verbose from cache /usr/local/lib/node_modules/buster/node_modules/sinon-buster/package.json
123 verbose from cache /usr/local/lib/node_modules/buster/node_modules/buster-static/package.json
124 verbose read json /usr/local/lib/node_modules/buster/node_modules/buster-test/node_modules/buster-module-loader/package.json
125 verbose read json /usr/local/lib/node_modules/buster/node_modules/buster-test/node_modules/buster-terminal/package.json
126 verbose read json /usr/local/lib/node_modules/buster/node_modules/buster-test/node_modules/jsdom/package.json
127 verbose read json /usr/local/lib/node_modules/buster/node_modules/buster-test/node_modules/when/package.json
128 verbose read json /usr/local/lib/node_modules/buster/node_modules/buster-test-cli/node_modules/buster-analyzer/package.json
129 verbose read json /usr/local/lib/node_modules/buster/node_modules/buster-test-cli/node_modules/buster-args/package.json
130 verbose read json /usr/local/lib/node_modules/buster/node_modules/buster-test-cli/node_modules/buster-bayeux-emitter/package.json
131 verbose read json /usr/local/lib/node_modules/buster/node_modules/buster-test-cli/node_modules/buster-capture-server/package.json
132 verbose read json /usr/local/lib/node_modules/buster/node_modules/buster-test-cli/node_modules/buster-cli/package.json
133 verbose read json /usr/local/lib/node_modules/buster/node_modules/buster-test-cli/node_modules/buster-client/package.json
134 verbose read json /usr/local/lib/node_modules/buster/node_modules/buster-test-cli/node_modules/buster-configuration/package.json
135 verbose read json /usr/local/lib/node_modules/buster/node_modules/buster-test-cli/node_modules/buster-resources/package.json
136 verbose read json /usr/local/lib/node_modules/buster/node_modules/buster-test-cli/node_modules/buster-syntax/package.json
137 verbose read json /usr/local/lib/node_modules/buster/node_modules/buster-test-cli/node_modules/buster-terminal/package.json
138 verbose read json /usr/local/lib/node_modules/buster/node_modules/buster-test-cli/node_modules/buster-user-agent-parser/package.json
139 verbose read json /usr/local/lib/node_modules/buster/node_modules/buster-test-cli/node_modules/ejs/package.json
140 verbose read json /usr/local/lib/node_modules/buster/node_modules/buster-test-cli/node_modules/mime/package.json
141 verbose read json /usr/local/lib/node_modules/buster/node_modules/buster-test-cli/node_modules/paperboy/package.json
142 verbose read json /usr/local/lib/node_modules/buster/node_modules/buster-test-cli/node_modules/rimraf/package.json
143 verbose read json /usr/local/lib/node_modules/buster/node_modules/buster-test-cli/node_modules/when/package.json
144 verbose read json /usr/local/lib/node_modules/buster/node_modules/buster-static/node_modules/buster-cli/package.json
145 verbose read json /usr/local/lib/node_modules/buster/node_modules/buster-static/node_modules/buster-resources/package.json
146 verbose read json /usr/local/lib/node_modules/npm/node_modules/minimatch/node_modules/lru-cache/package.json
147 verbose read json /usr/local/lib/node_modules/npm/node_modules/nopt/node_modules/abbrev/package.json
148 verbose read json /usr/local/lib/node_modules/npm/node_modules/rimraf/node_modules/graceful-fs/package.json
149 verbose read json /usr/local/lib/node_modules/npm/node_modules/tar/node_modules/inherits/package.json
150 verbose read json /usr/local/lib/node_modules/npm/node_modules/tar/node_modules/block-stream/package.json
151 verbose read json /usr/local/lib/node_modules/npm/node_modules/tar/node_modules/fstream/package.json
152 verbose read json /usr/local/lib/node_modules/npm/node_modules/fstream/node_modules/rimraf/package.json
153 verbose read json /usr/local/lib/node_modules/npm/node_modules/fstream/node_modules/mkdirp/package.json
154 verbose read json /usr/local/lib/node_modules/npm/node_modules/fstream/node_modules/graceful-fs/package.json
155 verbose read json /usr/local/lib/node_modules/npm/node_modules/fstream/node_modules/inherits/package.json
156 verbose read json /usr/local/lib/node_modules/npm/node_modules/block-stream/node_modules/inherits/package.json
157 verbose read json /usr/local/lib/node_modules/npm/node_modules/node-gyp/node_modules/glob/package.json
158 verbose read json /usr/local/lib/node_modules/npm/node_modules/node-gyp/node_modules/graceful-fs/package.json
159 verbose read json /usr/local/lib/node_modules/npm/node_modules/node-gyp/node_modules/fstream/package.json
160 verbose read json /usr/local/lib/node_modules/npm/node_modules/node-gyp/node_modules/minimatch/package.json
161 verbose read json /usr/local/lib/node_modules/npm/node_modules/node-gyp/node_modules/mkdirp/package.json
162 verbose read json /usr/local/lib/node_modules/npm/node_modules/node-gyp/node_modules/nopt/package.json
163 verbose read json /usr/local/lib/node_modules/npm/node_modules/node-gyp/node_modules/npmlog/package.json
164 verbose read json /usr/local/lib/node_modules/npm/node_modules/node-gyp/node_modules/osenv/package.json
165 verbose read json /usr/local/lib/node_modules/npm/node_modules/node-gyp/node_modules/request/package.json
166 verbose read json /usr/local/lib/node_modules/npm/node_modules/node-gyp/node_modules/rimraf/package.json
167 verbose read json /usr/local/lib/node_modules/npm/node_modules/node-gyp/node_modules/semver/package.json
168 verbose read json /usr/local/lib/node_modules/npm/node_modules/node-gyp/node_modules/tar/package.json
169 verbose read json /usr/local/lib/node_modules/npm/node_modules/node-gyp/node_modules/which/package.json
170 verbose read json /usr/local/lib/node_modules/npm/node_modules/npmlog/node_modules/ansi/package.json
171 verbose read json /usr/local/lib/node_modules/npm/node_modules/npm-registry-client/node_modules/request/package.json
172 verbose read json /usr/local/lib/node_modules/npm/node_modules/npm-registry-client/node_modules/graceful-fs/package.json
173 verbose read json /usr/local/lib/node_modules/npm/node_modules/npm-registry-client/node_modules/semver/package.json
174 verbose read json /usr/local/lib/node_modules/npm/node_modules/npm-registry-client/node_modules/slide/package.json
175 verbose read json /usr/local/lib/node_modules/npm/node_modules/npm-registry-client/node_modules/chownr/package.json
176 verbose read json /usr/local/lib/node_modules/npm/node_modules/npm-registry-client/node_modules/mkdirp/package.json
177 verbose read json /usr/local/lib/node_modules/npm/node_modules/npm-registry-client/node_modules/rimraf/package.json
178 verbose read json /usr/local/lib/node_modules/npm/node_modules/npm-registry-client/node_modules/retry/package.json
179 verbose read json /usr/local/lib/node_modules/npm/node_modules/npm-registry-client/node_modules/couch-login/package.json
180 verbose read json /usr/local/lib/node_modules/npm/node_modules/npm-registry-client/node_modules/npmlog/package.json
181 verbose read json /usr/local/lib/node_modules/npm/node_modules/read-package-json/node_modules/glob/package.json
182 verbose read json /usr/local/lib/node_modules/npm/node_modules/read-package-json/node_modules/lru-cache/package.json
183 verbose read json /usr/local/lib/node_modules/npm/node_modules/read-package-json/node_modules/semver/package.json
184 verbose read json /usr/local/lib/node_modules/npm/node_modules/read-package-json/node_modules/slide/package.json
185 verbose read json /usr/local/lib/node_modules/npm/node_modules/read-package-json/node_modules/npmlog/package.json
186 verbose read json /usr/local/lib/node_modules/npm/node_modules/read-package-json/node_modules/graceful-fs/package.json
187 verbose read json /usr/local/lib/node_modules/npm/node_modules/read-installed/node_modules/semver/package.json
188 verbose read json /usr/local/lib/node_modules/npm/node_modules/read-installed/node_modules/slide/package.json
189 verbose read json /usr/local/lib/node_modules/npm/node_modules/read-installed/node_modules/read-package-json/package.json
190 verbose read json /usr/local/lib/node_modules/npm/node_modules/read-installed/node_modules/graceful-fs/package.json
191 verbose read json /usr/local/lib/node_modules/npm/node_modules/read-installed/node_modules/npmlog/package.json
192 verbose read json /usr/local/lib/node_modules/npm/node_modules/glob/node_modules/minimatch/package.json
193 verbose read json /usr/local/lib/node_modules/npm/node_modules/glob/node_modules/graceful-fs/package.json
194 verbose read json /usr/local/lib/node_modules/npm/node_modules/glob/node_modules/inherits/package.json
195 verbose read json /usr/local/lib/node_modules/npm/node_modules/couch-login/node_modules/request/package.json
196 verbose read json /usr/local/lib/node_modules/buster/node_modules/buster-assertions/node_modules/buster-core/package.json
197 verbose read json /usr/local/lib/node_modules/buster/node_modules/buster-format/node_modules/buster-core/package.json
198 verbose read json /usr/local/lib/node_modules/buster/node_modules/buster-evented-logger/node_modules/buster-core/package.json
199 verbose read json /usr/local/lib/node_modules/buster/node_modules/sinon-buster/node_modules/buster-core/package.json
200 verbose read json /usr/local/lib/node_modules/buster/node_modules/sinon-buster/node_modules/buster-assertions/package.json
201 verbose read json /usr/local/lib/node_modules/buster/node_modules/sinon-buster/node_modules/buster-test/package.json
202 verbose read json /usr/local/lib/node_modules/buster/node_modules/sinon-buster/node_modules/buster-format/package.json
203 verbose read json /usr/local/lib/node_modules/buster/node_modules/sinon-buster/node_modules/sinon/package.json
204 verbose from cache /usr/local/lib/node_modules/npm/node_modules/fstream-npm/node_modules/fstream-ignore/package.json
205 verbose read json /usr/local/lib/node_modules/npm/node_modules/fstream-npm/node_modules/inherits/package.json
206 verbose from cache /usr/local/lib/node_modules/npm/node_modules/npmconf/node_modules/config-chain/package.json
207 verbose read json /usr/local/lib/node_modules/npm/node_modules/npmconf/node_modules/inherits/package.json
208 verbose read json /usr/local/lib/node_modules/npm/node_modules/npmconf/node_modules/once/package.json
209 verbose read json /usr/local/lib/node_modules/npm/node_modules/npmconf/node_modules/mkdirp/package.json
210 verbose read json /usr/local/lib/node_modules/npm/node_modules/npmconf/node_modules/osenv/package.json
211 verbose read json /usr/local/lib/node_modules/npm/node_modules/npmconf/node_modules/nopt/package.json
212 verbose read json /usr/local/lib/node_modules/npm/node_modules/npmconf/node_modules/config-chain/node_modules/proto-list/package.json
213 verbose from cache /usr/local/lib/node_modules/npm/node_modules/read/node_modules/mute-stream/package.json
214 warn package.json buster-module-loader@0.3.0 No README.md file found!
215 warn package.json buster-terminal@0.3.0 No README.md file found!
216 warn package.json buster-analyzer@0.1.0 No README.md file found!
217 verbose from cache /usr/local/lib/node_modules/npm/node_modules/init-package-json/node_modules/promzard/package.json
218 verbose read json /usr/local/lib/node_modules/npm/node_modules/init-package-json/node_modules/read/package.json
219 verbose read json /usr/local/lib/node_modules/npm/node_modules/init-package-json/node_modules/read-package-json/package.json
220 verbose read json /usr/local/lib/node_modules/npm/node_modules/init-package-json/node_modules/semver/package.json
221 warn package.json buster-bayeux-emitter@0.1.0 No README.md file found!
222 warn package.json buster-args@0.3.0 No README.md file found!
223 warn package.json buster-capture-server@0.4.1 No README.md file found!
224 warn package.json buster-cli@0.4.0 No README.md file found!
225 warn package.json buster-client@0.5.2 No README.md file found!
226 warn package.json buster-configuration@0.3.0 No README.md file found!
227 warn package.json buster-resources@0.2.0 No README.md file found!
228 warn package.json buster-syntax@0.1.0 No README.md file found!
229 warn package.json buster-user-agent-parser@0.2.1 No README.md file found!
230 verbose read json /usr/local/lib/node_modules/buster/node_modules/buster-static/node_modules/buster-core/package.json
231 verbose from cache /usr/local/lib/node_modules/buster/node_modules/buster-static/node_modules/buster-cli/package.json
232 verbose read json /usr/local/lib/node_modules/buster/node_modules/buster-static/node_modules/buster-test/package.json
233 verbose from cache /usr/local/lib/node_modules/buster/node_modules/buster-static/node_modules/buster-resources/package.json
234 verbose read json /usr/local/lib/node_modules/buster/node_modules/buster-static/node_modules/buster-resources/node_modules/buster-glob/package.json
235 verbose read json /usr/local/lib/node_modules/buster/node_modules/buster-static/node_modules/buster-resources/node_modules/mime/package.json
236 verbose read json /usr/local/lib/node_modules/buster/node_modules/buster-static/node_modules/buster-resources/node_modules/minimatch/package.json
237 verbose read json /usr/local/lib/node_modules/buster/node_modules/buster-static/node_modules/buster-resources/node_modules/when/package.json
238 verbose read json /usr/local/lib/node_modules/buster/node_modules/buster-static/node_modules/buster-cli/node_modules/buster-args/package.json
239 verbose read json /usr/local/lib/node_modules/buster/node_modules/buster-static/node_modules/buster-cli/node_modules/buster-configuration/package.json
240 verbose read json /usr/local/lib/node_modules/buster/node_modules/buster-static/node_modules/buster-cli/node_modules/buster-stdio-logger/package.json
241 verbose read json /usr/local/lib/node_modules/buster/node_modules/buster-static/node_modules/buster-cli/node_modules/buster-terminal/package.json
242 verbose read json /usr/local/lib/node_modules/buster/node_modules/buster-static/node_modules/buster-cli/node_modules/minimatch/package.json
243 verbose read json /usr/local/lib/node_modules/buster/node_modules/buster-static/node_modules/buster-cli/node_modules/rimraf/package.json
244 verbose read json /usr/local/lib/node_modules/npm/node_modules/fstream-npm/node_modules/fstream-ignore/node_modules/minimatch/package.json
245 verbose read json /usr/local/lib/node_modules/npm/node_modules/fstream-npm/node_modules/fstream-ignore/node_modules/fstream/package.json
246 verbose read json /usr/local/lib/node_modules/npm/node_modules/fstream-npm/node_modules/fstream-ignore/node_modules/inherits/package.json
247 verbose read json /usr/local/lib/node_modules/npm/node_modules/init-package-json/node_modules/promzard/node_modules/read/package.json
248 verbose from cache /usr/local/lib/node_modules/npm/node_modules/npmconf/node_modules/config-chain/node_modules/proto-list/package.json
249 verbose read json /usr/local/lib/node_modules/npm/node_modules/npmconf/node_modules/config-chain/node_modules/ini/package.json
250 verbose read json /usr/local/lib/node_modules/buster/node_modules/buster-test/node_modules/buster-core/package.json
251 verbose from cache /usr/local/lib/node_modules/buster/node_modules/buster-test/node_modules/buster-terminal/package.json
252 verbose from cache /usr/local/lib/node_modules/buster/node_modules/buster-test/node_modules/buster-module-loader/package.json
253 verbose from cache /usr/local/lib/node_modules/buster/node_modules/buster-test/node_modules/jsdom/package.json
254 verbose from cache /usr/local/lib/node_modules/buster/node_modules/buster-test/node_modules/when/package.json
255 verbose read json /usr/local/lib/node_modules/buster/node_modules/buster-test/node_modules/jsdom/node_modules/contextify/package.json
256 verbose read json /usr/local/lib/node_modules/buster/node_modules/buster-test/node_modules/jsdom/node_modules/cssom/package.json
257 verbose read json /usr/local/lib/node_modules/buster/node_modules/buster-test/node_modules/jsdom/node_modules/htmlparser/package.json
258 verbose read json /usr/local/lib/node_modules/buster/node_modules/buster-test/node_modules/jsdom/node_modules/request/package.json
259 verbose read json /usr/local/lib/node_modules/buster/node_modules/buster-test-cli/node_modules/buster-core/package.json
260 verbose from cache /usr/local/lib/node_modules/buster/node_modules/buster-test-cli/node_modules/buster-client/package.json
261 verbose from cache /usr/local/lib/node_modules/buster/node_modules/buster-test-cli/node_modules/buster-cli/package.json
262 verbose from cache /usr/local/lib/node_modules/buster/node_modules/buster-test-cli/node_modules/buster-configuration/package.json
263 verbose from cache /usr/local/lib/node_modules/buster/node_modules/buster-test-cli/node_modules/buster-terminal/package.json
264 verbose from cache /usr/local/lib/node_modules/buster/node_modules/buster-test-cli/node_modules/buster-capture-server/package.json
265 verbose from cache /usr/local/lib/node_modules/buster/node_modules/buster-test-cli/node_modules/when/package.json
266 verbose read json /usr/local/lib/node_modules/buster/node_modules/buster-test-cli/node_modules/buster-evented-logger/package.json
267 verbose read json /usr/local/lib/node_modules/buster/node_modules/buster-test-cli/node_modules/buster-assertions/package.json
268 verbose read json /usr/local/lib/node_modules/buster/node_modules/buster-test-cli/node_modules/buster-format/package.json
269 verbose read json /usr/local/lib/node_modules/buster/node_modules/buster-test-cli/node_modules/buster-test/package.json
270 verbose from cache /usr/local/lib/node_modules/buster/node_modules/buster-test-cli/node_modules/buster-args/package.json
271 verbose from cache /usr/local/lib/node_modules/buster/node_modules/buster-test-cli/node_modules/buster-analyzer/package.json
272 verbose from cache /usr/local/lib/node_modules/buster/node_modules/buster-test-cli/node_modules/buster-syntax/package.json
273 verbose from cache /usr/local/lib/node_modules/buster/node_modules/buster-test-cli/node_modules/buster-user-agent-parser/package.json
274 verbose from cache /usr/local/lib/node_modules/buster/node_modules/buster-test-cli/node_modules/buster-bayeux-emitter/package.json
275 verbose from cache /usr/local/lib/node_modules/buster/node_modules/buster-test-cli/node_modules/buster-resources/package.json
276 verbose from cache /usr/local/lib/node_modules/buster/node_modules/buster-test-cli/node_modules/rimraf/package.json
277 verbose from cache /usr/local/lib/node_modules/buster/node_modules/buster-test-cli/node_modules/paperboy/package.json
278 verbose from cache /usr/local/lib/node_modules/buster/node_modules/buster-test-cli/node_modules/ejs/package.json
279 verbose from cache /usr/local/lib/node_modules/buster/node_modules/buster-test-cli/node_modules/mime/package.json
280 verbose read json /usr/local/lib/node_modules/buster/node_modules/buster-test-cli/node_modules/sinon/package.json
281 verbose read json /usr/local/lib/node_modules/buster/node_modules/buster-test-cli/node_modules/sinon-buster/package.json
282 warn package.json buster-glob@0.2.0 No README.md file found!
283 verbose read json /usr/local/lib/node_modules/buster/node_modules/buster-test-cli/node_modules/buster-client/node_modules/buster-faye/package.json
284 verbose read json /usr/local/lib/node_modules/buster/node_modules/buster-test-cli/node_modules/buster-capture-server/node_modules/buster-faye/package.json
285 verbose read json /usr/local/lib/node_modules/buster/node_modules/buster-test-cli/node_modules/buster-capture-server/node_modules/node-uuid/package.json
286 verbose read json /usr/local/lib/node_modules/buster/node_modules/buster-test-cli/node_modules/buster-cli/node_modules/buster-stdio-logger/package.json
287 verbose read json /usr/local/lib/node_modules/buster/node_modules/buster-test-cli/node_modules/buster-cli/node_modules/minimatch/package.json
288 verbose read json /usr/local/lib/node_modules/buster/node_modules/buster-test-cli/node_modules/buster-syntax/node_modules/.bin/package.json
289 verbose read json /usr/local/lib/node_modules/buster/node_modules/buster-test-cli/node_modules/buster-syntax/node_modules/jsdom/package.json
290 verbose read json /usr/local/lib/node_modules/buster/node_modules/buster-test-cli/node_modules/buster-syntax/node_modules/uglify-js/package.json
291 verbose read json /usr/local/lib/node_modules/buster/node_modules/buster-test-cli/node_modules/buster-args/node_modules/buster-promise/package.json
292 verbose read json /usr/local/lib/node_modules/buster/node_modules/buster-test-cli/node_modules/buster-resources/node_modules/buster-glob/package.json
293 verbose read json /usr/local/lib/node_modules/buster/node_modules/buster-test-cli/node_modules/buster-resources/node_modules/minimatch/package.json
294 warn package.json buster-stdio-logger@0.2.1 No README.md file found!
295 warn package.json cssom@0.2.2 No README.md file found!
296 verbose read json /usr/local/lib/node_modules/buster/node_modules/buster-static/node_modules/buster-resources/node_modules/buster-core/package.json
297 verbose from cache /usr/local/lib/node_modules/buster/node_modules/buster-static/node_modules/buster-resources/node_modules/mime/package.json
298 verbose from cache /usr/local/lib/node_modules/buster/node_modules/buster-static/node_modules/buster-resources/node_modules/buster-glob/package.json
299 verbose from cache /usr/local/lib/node_modules/buster/node_modules/buster-static/node_modules/buster-resources/node_modules/when/package.json
300 verbose from cache /usr/local/lib/node_modules/buster/node_modules/buster-static/node_modules/buster-resources/node_modules/minimatch/package.json
301 verbose read json /usr/local/lib/node_modules/buster/node_modules/buster-static/node_modules/buster-resources/node_modules/buster-glob/node_modules/glob/package.json
302 verbose read json /usr/local/lib/node_modules/buster/node_modules/buster-static/node_modules/buster-resources/node_modules/minimatch/node_modules/lru-cache/package.json
303 verbose read json /usr/local/lib/node_modules/buster/node_modules/buster-test-cli/node_modules/buster-configuration/node_modules/buster-core/package.json
304 verbose read json /usr/local/lib/node_modules/buster/node_modules/buster-test-cli/node_modules/buster-configuration/node_modules/when/package.json
305 verbose read json /usr/local/lib/node_modules/buster/node_modules/buster-test-cli/node_modules/buster-configuration/node_modules/buster-resources/package.json
306 verbose read json /usr/local/lib/node_modules/buster/node_modules/buster-test-cli/node_modules/buster-configuration/node_modules/buster-evented-logger/package.json
307 verbose read json /usr/local/lib/node_modules/buster/node_modules/buster-test-cli/node_modules/buster-configuration/node_modules/buster-assertions/package.json
308 verbose read json /usr/local/lib/node_modules/buster/node_modules/buster-test-cli/node_modules/buster-configuration/node_modules/buster-format/package.json
309 verbose read json /usr/local/lib/node_modules/buster/node_modules/buster-test-cli/node_modules/buster-configuration/node_modules/buster-bayeux-emitter/package.json
310 verbose read json /usr/local/lib/node_modules/buster/node_modules/buster-test-cli/node_modules/buster-configuration/node_modules/sinon/package.json
311 verbose read json /usr/local/lib/node_modules/buster/node_modules/buster-test-cli/node_modules/buster-configuration/node_modules/sinon-buster/package.json
312 verbose read json /usr/local/lib/node_modules/buster/node_modules/buster-test-cli/node_modules/buster-configuration/node_modules/buster-test/package.json
313 verbose read json /usr/local/lib/node_modules/buster/node_modules/buster-test-cli/node_modules/buster-analyzer/node_modules/buster-core/package.json
314 verbose read json /usr/local/lib/node_modules/buster/node_modules/buster-test-cli/node_modules/buster-analyzer/node_modules/when/package.json
315 verbose read json /usr/local/lib/node_modules/buster/node_modules/buster-test-cli/node_modules/buster-bayeux-emitter/node_modules/buster-core/package.json
316 verbose from cache /usr/local/lib/node_modules/buster/node_modules/buster-static/node_modules/buster-cli/node_modules/buster-args/package.json
317 verbose from cache /usr/local/lib/node_modules/buster/node_modules/buster-static/node_modules/buster-cli/node_modules/buster-terminal/package.json
318 verbose from cache /usr/local/lib/node_modules/buster/node_modules/buster-static/node_modules/buster-cli/node_modules/buster-stdio-logger/package.json
319 verbose from cache /usr/local/lib/node_modules/buster/node_modules/buster-static/node_modules/buster-cli/node_modules/buster-configuration/package.json
320 verbose from cache /usr/local/lib/node_modules/buster/node_modules/buster-static/node_modules/buster-cli/node_modules/rimraf/package.json
321 verbose from cache /usr/local/lib/node_modules/buster/node_modules/buster-static/node_modules/buster-cli/node_modules/minimatch/package.json
322 verbose read json /usr/local/lib/node_modules/buster/node_modules/buster-static/node_modules/buster-cli/node_modules/buster-args/node_modules/buster-promise/package.json
323 verbose read json /usr/local/lib/node_modules/buster/node_modules/buster-static/node_modules/buster-cli/node_modules/buster-configuration/node_modules/buster-bayeux-emitter/package.json
324 verbose read json /usr/local/lib/node_modules/buster/node_modules/buster-static/node_modules/buster-cli/node_modules/buster-configuration/node_modules/when/package.json
325 verbose read json /usr/local/lib/node_modules/buster/node_modules/buster-static/node_modules/buster-cli/node_modules/minimatch/node_modules/lru-cache/package.json
326 verbose from cache /usr/local/lib/node_modules/buster/node_modules/buster-test/node_modules/jsdom/node_modules/htmlparser/package.json
327 verbose from cache /usr/local/lib/node_modules/buster/node_modules/buster-test/node_modules/jsdom/node_modules/request/package.json
328 verbose from cache /usr/local/lib/node_modules/buster/node_modules/buster-test/node_modules/jsdom/node_modules/cssom/package.json
329 verbose from cache /usr/local/lib/node_modules/buster/node_modules/buster-test/node_modules/jsdom/node_modules/contextify/package.json
330 verbose read json /usr/local/lib/node_modules/buster/node_modules/buster-test-cli/node_modules/buster-client/node_modules/buster-core/package.json
331 verbose read json /usr/local/lib/node_modules/buster/node_modules/buster-test-cli/node_modules/buster-client/node_modules/buster-configuration/package.json
332 verbose read json /usr/local/lib/node_modules/buster/node_modules/buster-test-cli/node_modules/buster-client/node_modules/buster-bayeux-emitter/package.json
333 verbose from cache /usr/local/lib/node_modules/buster/node_modules/buster-test-cli/node_modules/buster-client/node_modules/buster-faye/package.json
334 verbose read json /usr/local/lib/node_modules/buster/node_modules/buster-test-cli/node_modules/buster-client/node_modules/when/package.json
335 verbose read json /usr/local/lib/node_modules/buster/node_modules/buster-test-cli/node_modules/buster-args/node_modules/buster-core/package.json
336 verbose from cache /usr/local/lib/node_modules/buster/node_modules/buster-test-cli/node_modules/buster-args/node_modules/buster-promise/package.json
337 verbose read json /usr/local/lib/node_modules/buster/node_modules/buster-static/node_modules/buster-cli/node_modules/buster-stdio-logger/node_modules/buster-evented-logger/package.json
338 verbose read json /usr/local/lib/node_modules/buster/node_modules/buster-test-cli/node_modules/buster-capture-server/node_modules/buster-core/package.json
339 verbose read json /usr/local/lib/node_modules/buster/node_modules/buster-test-cli/node_modules/buster-capture-server/node_modules/buster-resources/package.json
340 verbose from cache /usr/local/lib/node_modules/buster/node_modules/buster-test-cli/node_modules/buster-capture-server/node_modules/buster-faye/package.json
341 verbose read json /usr/local/lib/node_modules/buster/node_modules/buster-test-cli/node_modules/buster-capture-server/node_modules/ejs/package.json
342 verbose from cache /usr/local/lib/node_modules/buster/node_modules/buster-test-cli/node_modules/buster-capture-server/node_modules/node-uuid/package.json
343 verbose read json /usr/local/lib/node_modules/buster/node_modules/buster-test-cli/node_modules/buster-capture-server/node_modules/when/package.json
344 verbose read json /usr/local/lib/node_modules/buster/node_modules/buster-test-cli/node_modules/buster-cli/node_modules/buster-args/package.json
345 verbose read json /usr/local/lib/node_modules/buster/node_modules/buster-test-cli/node_modules/buster-cli/node_modules/buster-terminal/package.json
346 verbose from cache /usr/local/lib/node_modules/buster/node_modules/buster-test-cli/node_modules/buster-cli/node_modules/buster-stdio-logger/package.json
347 verbose read json /usr/local/lib/node_modules/buster/node_modules/buster-test-cli/node_modules/buster-cli/node_modules/buster-configuration/package.json
348 verbose read json /usr/local/lib/node_modules/buster/node_modules/buster-test-cli/node_modules/buster-cli/node_modules/rimraf/package.json
349 verbose from cache /usr/local/lib/node_modules/buster/node_modules/buster-test-cli/node_modules/buster-cli/node_modules/minimatch/package.json
350 verbose read json /usr/local/lib/node_modules/buster/node_modules/buster-test-cli/node_modules/buster-args/node_modules/buster-promise/node_modules/buster-core/package.json
351 verbose read json /usr/local/lib/node_modules/buster/node_modules/buster-test-cli/node_modules/buster-client/node_modules/buster-faye/node_modules/cookiejar/package.json
352 verbose read json /usr/local/lib/node_modules/buster/node_modules/buster-test-cli/node_modules/buster-capture-server/node_modules/buster-faye/node_modules/cookiejar/package.json
353 verbose read json /usr/local/lib/node_modules/buster/node_modules/buster-test-cli/node_modules/buster-cli/node_modules/minimatch/node_modules/lru-cache/package.json
354 verbose read json /usr/local/lib/node_modules/buster/node_modules/buster-test-cli/node_modules/buster-resources/node_modules/buster-core/package.json
355 verbose read json /usr/local/lib/node_modules/buster/node_modules/buster-test-cli/node_modules/buster-resources/node_modules/mime/package.json
356 verbose from cache /usr/local/lib/node_modules/buster/node_modules/buster-test-cli/node_modules/buster-resources/node_modules/buster-glob/package.json
357 verbose read json /usr/local/lib/node_modules/buster/node_modules/buster-test-cli/node_modules/buster-resources/node_modules/when/package.json
358 verbose from cache /usr/local/lib/node_modules/buster/node_modules/buster-test-cli/node_modules/buster-resources/node_modules/minimatch/package.json
359 verbose read json /usr/local/lib/node_modules/buster/node_modules/buster-test-cli/node_modules/buster-resources/node_modules/buster-glob/node_modules/glob/package.json
360 verbose read json /usr/local/lib/node_modules/buster/node_modules/buster-test-cli/node_modules/buster-resources/node_modules/minimatch/node_modules/lru-cache/package.json
361 verbose from cache /usr/local/lib/node_modules/buster/node_modules/buster-test-cli/node_modules/buster-syntax/node_modules/jsdom/package.json
362 verbose from cache /usr/local/lib/node_modules/buster/node_modules/buster-test-cli/node_modules/buster-syntax/node_modules/uglify-js/package.json
363 verbose from cache /usr/local/lib/node_modules/buster/node_modules/buster-static/node_modules/buster-resources/node_modules/minimatch/node_modules/lru-cache/package.json
364 verbose read json /usr/local/lib/node_modules/buster/node_modules/buster-test-cli/node_modules/buster-syntax/node_modules/jsdom/node_modules/contextify/package.json
365 verbose read json /usr/local/lib/node_modules/buster/node_modules/buster-test-cli/node_modules/buster-syntax/node_modules/jsdom/node_modules/cssom/package.json
366 verbose read json /usr/local/lib/node_modules/buster/node_modules/buster-test-cli/node_modules/buster-syntax/node_modules/jsdom/node_modules/htmlparser/package.json
367 verbose read json /usr/local/lib/node_modules/buster/node_modules/buster-test-cli/node_modules/buster-syntax/node_modules/jsdom/node_modules/request/package.json
368 verbose from cache /usr/local/lib/node_modules/buster/node_modules/buster-static/node_modules/buster-resources/node_modules/buster-glob/node_modules/glob/package.json
369 verbose read json /usr/local/lib/node_modules/buster/node_modules/buster-static/node_modules/buster-resources/node_modules/buster-glob/node_modules/buster-core/package.json
370 verbose read json /usr/local/lib/node_modules/buster/node_modules/buster-test-cli/node_modules/buster-cli/node_modules/buster-stdio-logger/node_modules/buster-evented-logger/package.json
371 verbose read json /usr/local/lib/node_modules/buster/node_modules/buster-static/node_modules/buster-resources/node_modules/buster-glob/node_modules/glob/node_modules/fast-list/package.json
372 verbose read json /usr/local/lib/node_modules/buster/node_modules/buster-static/node_modules/buster-resources/node_modules/buster-glob/node_modules/glob/node_modules/graceful-fs/package.json
373 verbose read json /usr/local/lib/node_modules/buster/node_modules/buster-static/node_modules/buster-resources/node_modules/buster-glob/node_modules/glob/node_modules/inherits/package.json
374 verbose read json /usr/local/lib/node_modules/buster/node_modules/buster-static/node_modules/buster-cli/node_modules/buster-args/node_modules/buster-core/package.json
375 verbose from cache /usr/local/lib/node_modules/buster/node_modules/buster-static/node_modules/buster-cli/node_modules/buster-args/node_modules/buster-promise/package.json
376 verbose read json /usr/local/lib/node_modules/buster/node_modules/buster-static/node_modules/buster-cli/node_modules/buster-args/node_modules/buster-promise/node_modules/buster-core/package.json
377 verbose from cache /usr/local/lib/node_modules/buster/node_modules/buster-static/node_modules/buster-cli/node_modules/minimatch/node_modules/lru-cache/package.json
378 verbose read json /usr/local/lib/node_modules/buster/node_modules/buster-static/node_modules/buster-cli/node_modules/buster-configuration/node_modules/buster-core/package.json
379 verbose from cache /usr/local/lib/node_modules/buster/node_modules/buster-static/node_modules/buster-cli/node_modules/buster-configuration/node_modules/when/package.json
380 verbose read json /usr/local/lib/node_modules/buster/node_modules/buster-static/node_modules/buster-cli/node_modules/buster-configuration/node_modules/buster-resources/package.json
381 verbose read json /usr/local/lib/node_modules/buster/node_modules/buster-static/node_modules/buster-cli/node_modules/buster-configuration/node_modules/buster-evented-logger/package.json
382 verbose read json /usr/local/lib/node_modules/buster/node_modules/buster-static/node_modules/buster-cli/node_modules/buster-configuration/node_modules/buster-assertions/package.json
383 verbose read json /usr/local/lib/node_modules/buster/node_modules/buster-static/node_modules/buster-cli/node_modules/buster-configuration/node_modules/buster-format/package.json
384 verbose from cache /usr/local/lib/node_modules/buster/node_modules/buster-static/node_modules/buster-cli/node_modules/buster-configuration/node_modules/buster-bayeux-emitter/package.json
385 verbose read json /usr/local/lib/node_modules/buster/node_modules/buster-static/node_modules/buster-cli/node_modules/buster-configuration/node_modules/sinon/package.json
386 verbose read json /usr/local/lib/node_modules/buster/node_modules/buster-static/node_modules/buster-cli/node_modules/buster-configuration/node_modules/sinon-buster/package.json
387 verbose read json /usr/local/lib/node_modules/buster/node_modules/buster-static/node_modules/buster-cli/node_modules/buster-configuration/node_modules/buster-test/package.json
388 verbose from cache /usr/local/lib/node_modules/buster/node_modules/buster-test-cli/node_modules/buster-capture-server/node_modules/buster-faye/node_modules/cookiejar/package.json
389 verbose from cache /usr/local/lib/node_modules/buster/node_modules/buster-test-cli/node_modules/buster-client/node_modules/buster-faye/node_modules/cookiejar/package.json
390 verbose from cache /usr/local/lib/node_modules/buster/node_modules/buster-test-cli/node_modules/buster-cli/node_modules/minimatch/node_modules/lru-cache/package.json
391 verbose read json /usr/local/lib/node_modules/buster/node_modules/buster-static/node_modules/buster-cli/node_modules/buster-configuration/node_modules/buster-bayeux-emitter/node_modules/buster-core/package.json
392 verbose from cache /usr/local/lib/node_modules/buster/node_modules/buster-test-cli/node_modules/buster-resources/node_modules/minimatch/node_modules/lru-cache/package.json
393 verbose from cache /usr/local/lib/node_modules/buster/node_modules/buster-test-cli/node_modules/buster-resources/node_modules/buster-glob/node_modules/glob/package.json
394 verbose read json /usr/local/lib/node_modules/buster/node_modules/buster-test-cli/node_modules/buster-resources/node_modules/buster-glob/node_modules/buster-core/package.json
395 verbose read json /usr/local/lib/node_modules/buster/node_modules/buster-test-cli/node_modules/buster-resources/node_modules/buster-glob/node_modules/glob/node_modules/fast-list/package.json
396 verbose read json /usr/local/lib/node_modules/buster/node_modules/buster-test-cli/node_modules/buster-resources/node_modules/buster-glob/node_modules/glob/node_modules/graceful-fs/package.json
397 verbose read json /usr/local/lib/node_modules/buster/node_modules/buster-test-cli/node_modules/buster-resources/node_modules/buster-glob/node_modules/glob/node_modules/inherits/package.json
398 verbose from cache /usr/local/lib/node_modules/buster/node_modules/buster-static/node_modules/buster-resources/node_modules/buster-glob/node_modules/glob/node_modules/fast-list/package.json
399 verbose read json /usr/local/lib/node_modules/buster/node_modules/buster-static/node_modules/buster-resources/node_modules/buster-glob/node_modules/glob/node_modules/minimatch/package.json
400 verbose from cache /usr/local/lib/node_modules/buster/node_modules/buster-static/node_modules/buster-resources/node_modules/buster-glob/node_modules/glob/node_modules/graceful-fs/package.json
401 verbose from cache /usr/local/lib/node_modules/buster/node_modules/buster-static/node_modules/buster-resources/node_modules/buster-glob/node_modules/glob/node_modules/inherits/package.json
402 verbose from cache /usr/local/lib/node_modules/buster/node_modules/buster-test-cli/node_modules/buster-syntax/node_modules/jsdom/node_modules/htmlparser/package.json
403 verbose from cache /usr/local/lib/node_modules/buster/node_modules/buster-test-cli/node_modules/buster-syntax/node_modules/jsdom/node_modules/request/package.json
404 verbose from cache /usr/local/lib/node_modules/buster/node_modules/buster-test-cli/node_modules/buster-syntax/node_modules/jsdom/node_modules/cssom/package.json
405 verbose from cache /usr/local/lib/node_modules/buster/node_modules/buster-test-cli/node_modules/buster-syntax/node_modules/jsdom/node_modules/contextify/package.json
406 verbose read json /usr/local/lib/node_modules/buster/node_modules/buster-static/node_modules/buster-resources/node_modules/buster-glob/node_modules/glob/node_modules/graceful-fs/node_modules/fast-list/package.json
407 verbose from cache /usr/local/lib/node_modules/buster/node_modules/buster-test-cli/node_modules/buster-resources/node_modules/buster-glob/node_modules/glob/node_modules/fast-list/package.json
408 verbose read json /usr/local/lib/node_modules/buster/node_modules/buster-test-cli/node_modules/buster-resources/node_modules/buster-glob/node_modules/glob/node_modules/minimatch/package.json
409 verbose from cache /usr/local/lib/node_modules/buster/node_modules/buster-test-cli/node_modules/buster-resources/node_modules/buster-glob/node_modules/glob/node_modules/graceful-fs/package.json
410 verbose from cache /usr/local/lib/node_modules/buster/node_modules/buster-test-cli/node_modules/buster-resources/node_modules/buster-glob/node_modules/glob/node_modules/inherits/package.json
411 verbose read json /usr/local/lib/node_modules/buster/node_modules/buster-test-cli/node_modules/buster-resources/node_modules/buster-glob/node_modules/glob/node_modules/graceful-fs/node_modules/fast-list/package.json
412 http 304 https://registry.npmjs.org/yeoman
413 silly registry.get cb [ 304,
413 silly registry.get   { server: 'CouchDB/1.2.1 (Erlang OTP/R15B03)',
413 silly registry.get     etag: '"72U79EQFEZ917IUADLTIXSCKQ"',
413 silly registry.get     date: 'Tue, 05 Mar 2013 17:43:20 GMT',
413 silly registry.get     'content-length': '0' } ]
414 verbose etag yeoman from cache
415 silly addNameRange number 2 { name: 'yeoman', range: '', hasData: true }
416 silly addNameRange versions [ 'yeoman',
416 silly addNameRange   [ '0.0.1',
416 silly addNameRange     '0.7.0',
416 silly addNameRange     '0.7.1',
416 silly addNameRange     '0.7.2',
416 silly addNameRange     '0.7.3',
416 silly addNameRange     '0.9.0',
416 silly addNameRange     '0.9.1',
416 silly addNameRange     '0.9.2',
416 silly addNameRange     '0.9.3',
416 silly addNameRange     '0.9.4',
416 silly addNameRange     '0.9.5',
416 silly addNameRange     '0.9.6' ] ]
417 verbose addNamed [ 'yeoman', '0.9.6' ]
418 verbose addNamed [ '0.9.6', '0.9.6' ]
419 silly lockFile 72540a0c-yeoman-0-9-6 yeoman@0.9.6
420 verbose lock yeoman@0.9.6 /Users/helge fredheim/.npm/72540a0c-yeoman-0-9-6.lock
421 verbose read json /Users/helge fredheim/.npm/yeoman/0.9.6/package/package.json
422 silly lockFile 72540a0c-yeoman-0-9-6 yeoman@0.9.6
423 silly lockFile fd94f358-yeoman yeoman@*
424 info outdated updating [ [ '/usr/local/lib', 'yeoman', '0.9.2', '0.9.6' ] ]
425 verbose install where,what [ '/usr/local/lib', [ 'yeoman@0.9.6' ] ]
426 verbose read json /usr/local/lib/package.json
427 verbose read json /usr/local/lib/package.json
428 verbose cache add [ 'yeoman@0.9.6', null ]
429 silly cache add name=undefined spec="yeoman@0.9.6" args=["yeoman@0.9.6",null]
430 verbose parsed url { pathname: 'yeoman@0.9.6',
430 verbose parsed url   path: 'yeoman@0.9.6',
430 verbose parsed url   href: 'yeoman@0.9.6' }
431 silly cache add name="yeoman" spec="0.9.6" args=["yeoman","0.9.6"]
432 verbose parsed url { pathname: '0.9.6', path: '0.9.6', href: '0.9.6' }
433 verbose addNamed [ 'yeoman', '0.9.6' ]
434 verbose addNamed [ '0.9.6', '0.9.6' ]
435 silly lockFile 72540a0c-yeoman-0-9-6 yeoman@0.9.6
436 verbose lock yeoman@0.9.6 /Users/helge fredheim/.npm/72540a0c-yeoman-0-9-6.lock
437 verbose url raw yeoman/0.9.6
438 verbose url resolving [ 'https://registry.npmjs.org/', './yeoman/0.9.6' ]
439 verbose url resolved https://registry.npmjs.org/yeoman/0.9.6
440 info trying registry request attempt 1 at 18:43:22
441 verbose etag "72U79EQFEZ917IUADLTIXSCKQ"
442 http GET https://registry.npmjs.org/yeoman/0.9.6
443 http 304 https://registry.npmjs.org/yeoman/0.9.6
444 silly registry.get cb [ 304,
444 silly registry.get   { server: 'CouchDB/1.2.1 (Erlang OTP/R15B03)',
444 silly registry.get     etag: '"72U79EQFEZ917IUADLTIXSCKQ"',
444 silly registry.get     date: 'Tue, 05 Mar 2013 17:43:21 GMT',
444 silly registry.get     'content-length': '0' } ]
445 verbose etag yeoman/0.9.6 from cache
446 verbose from cache /Users/helge fredheim/.npm/yeoman/0.9.6/package/package.json
447 silly lockFile 72540a0c-yeoman-0-9-6 yeoman@0.9.6
448 silly resolved [ { name: 'yeoman',
448 silly resolved     version: '0.9.6',
448 silly resolved     description: 'The Yeoman CLI presents a command line interface for creating, building, maintaining, and shipping a project.',
448 silly resolved     keywords:
448 silly resolved      [ 'front-end',
448 silly resolved        'development',
448 silly resolved        'dev',
448 silly resolved        'build',
448 silly resolved        'web',
448 silly resolved        'tool',
448 silly resolved        'cli',
448 silly resolved        'scaffold',
448 silly resolved        'stack' ],
448 silly resolved     homepage: 'http://yeoman.io',
448 silly resolved     bugs: 'https://github.com/yeoman/yeoman/issues',
448 silly resolved     author: { name: 'Chrome Developer Relations' },
448 silly resolved     main: './yeoman',
448 silly resolved     bin:
448 silly resolved      { yeoman: './bin/yeoman',
448 silly resolved        _yeomaninsight: './bin/yeomaninsight.py' },
448 silly resolved     directories: { man: './man' },
448 silly resolved     repository: { type: 'git', url: 'git://github.com/yeoman/yeoman.git' },
448 silly resolved     scripts:
448 silly resolved      { test: 'node node_modules/mocha/bin/mocha test/test-*.js',
448 silly resolved        manpages: './scripts/docs-build' },
448 silly resolved     dependencies:
448 silly resolved      { grunt: 'http://github.com/cowboy/grunt/archive/0ba6d4b529.tar.gz',
448 silly resolved        'yeoman-generators': 'http://github.com/yeoman/generators/archive/0.9.5.tar.gz',
448 silly resolved        bower: '~0.3.0',
448 silly resolved        open: '0.0.2',
448 silly resolved        rimraf: '~2.0.1',
448 silly resolved        mkdirp: '~0.3.1',
448 silly resolved        requirejs: '~2.0.2',
448 silly resolved        'clean-css': '~0.3.2',
448 silly resolved        connect: '~2.2.1',
448 silly resolved        request: '~2.9.200',
448 silly resolved        'html-minifier': '~0.4.5',
448 silly resolved        which: '~1.0.5',
448 silly resolved        cheerio: '~0.9.2',
448 silly resolved        fstream: '~0.1.18',
448 silly resolved        'fstream-ignore': '0.0.5',
448 silly resolved        tar: '~0.1.13',
448 silly resolved        'coffee-script': '~1.3.3',
448 silly resolved        'grunt-jasmine-task': '~0.2.2',
448 silly resolved        'faye-websocket': '~0.4.2',
448 silly resolved        shelljs: '~0.0.6',
448 silly resolved        prompt: '~0.1.12',
448 silly resolved        colors: '~0.6.0',
448 silly resolved        'grunt-mocha': '~0.1.3',
448 silly resolved        'es6-collections': '>=0.2.0',
448 silly resolved        'grunt-contrib-coffee': '~0.3.1' },
448 silly resolved     devDependencies: { mocha: '~1.4.0', ronn: '~0.3.8' },
448 silly resolved     engines: { node: '>=0.8.0' },
448 silly resolved     man:
448 silly resolved      [ '/Users/helge fredheim/.npm/yeoman/0.9.6/package/man/bower.1',
448 silly resolved        '/Users/helge fredheim/.npm/yeoman/0.9.6/package/man/build.1',
448 silly resolved        '/Users/helge fredheim/.npm/yeoman/0.9.6/package/man/faq.1',
448 silly resolved        '/Users/helge fredheim/.npm/yeoman/0.9.6/package/man/folders.1',
448 silly resolved        '/Users/helge fredheim/.npm/yeoman/0.9.6/package/man/gruntfile.1',
448 silly resolved        '/Users/helge fredheim/.npm/yeoman/0.9.6/package/man/init.1',
448 silly resolved        '/Users/helge fredheim/.npm/yeoman/0.9.6/package/man/insight.1',
448 silly resolved        '/Users/helge fredheim/.npm/yeoman/0.9.6/package/man/serve.1',
448 silly resolved        '/Users/helge fredheim/.npm/yeoman/0.9.6/package/man/server.1',
448 silly resolved        '/Users/helge fredheim/.npm/yeoman/0.9.6/package/man/test.1',
448 silly resolved        '/Users/helge fredheim/.npm/yeoman/0.9.6/package/man/yeoman.1' ],
448 silly resolved     readme: '# Yeoman CLI\n\nThe Yeoman CLI presents a command-line interface for creating, building, maintaining, and shipping a project.\n\nFor more information, see the project [readme](https://github.com/yeoman/yeoman#welcome-friend).\n',
448 silly resolved     _id: 'yeoman@0.9.6',
448 silly resolved     _from: 'yeoman@0.9.6' } ]
449 info install yeoman@0.9.6 into /usr/local/lib
450 info installOne yeoman@0.9.6
451 verbose from cache /Users/helge fredheim/.npm/yeoman/0.9.6/package/package.json
452 info /usr/local/lib/node_modules/yeoman unbuild
453 verbose from cache /usr/local/lib/node_modules/yeoman/package.json
454 info preuninstall yeoman@0.9.2
455 info uninstall yeoman@0.9.2
456 verbose true,/usr/local/lib/node_modules,/usr/local/lib/node_modules unbuild yeoman@0.9.2
457 verbose /usr/local/bin,[object Object] binRoot
458 info /usr/local/lib/node_modules/yeoman unbuild
459 verbose read json /usr/local/lib/node_modules/yeoman/package.json
460 info preuninstall yeoman@0.9.2
461 info uninstall yeoman@0.9.2
462 verbose true,/usr/local/lib/node_modules,/usr/local/lib/node_modules unbuild yeoman@0.9.2
463 verbose /usr/local/bin,[object Object] binRoot
464 error error rolling back Error: EPERM, chmod '/usr/local/bin/yeoman'
464 error error rolling back  yeoman@0.9.6 { [Error: EPERM, chmod '/usr/local/bin/yeoman'] errno: 50, code: 'EPERM', path: '/usr/local/bin/yeoman' }
465 error Error: EPERM, chmod '/usr/local/bin/yeoman'
465 error  { [Error: EPERM, chmod '/usr/local/bin/yeoman'] errno: 50, code: 'EPERM', path: '/usr/local/bin/yeoman' }
466 error Please try running this command again as root/Administrator.
467 error System Darwin 11.4.2
468 error command "node" "/usr/local/bin/npm" "update" "-g" "yeoman"
469 error cwd /Users/helge fredheim/Documents/NTNU
470 error node -v v0.8.11
471 error npm -v 1.1.62
472 error path /usr/local/bin/yeoman
473 error code EPERM
474 error errno 50
475 error stack Error: EPERM, chmod '/usr/local/bin/yeoman'
476 verbose exit [ 50, true ]
